<?xml version="1.0" encoding="UTF-8"?>
<TestRun id="2f60b861-d6ed-4d14-84da-740a71db6d87" name="Den_and_Anna@DEN_AND_ANNA_PC 2015-08-01 18:02:37" runUser="DEN_AND_ANNA_PC\Den_and_Anna" xmlns="http://microsoft.com/schemas/VisualStudio/TeamTest/2010">
  <TestSettings name="Local" id="0ce3eb92-ea3c-4e56-a3fc-567cc5b33c8c">
    <Description>These are default test settings for a local test run.</Description>
    <Deployment userDeploymentRoot="C:\GitProjects\InOfficeOneMonth\TestResults" useDefaultDeploymentRoot="false" enabled="false" runDeploymentRoot="Den_and_Anna_DEN_AND_ANNA_PC 2015-08-01 18_02_37">
      <DeploymentItem filename="C:\GitProjects\InOfficeOneMonth\InOfficeOneMonth\bin\Debug\InOfficeOneMonth.exe" />
    </Deployment>
    <Execution>
      <TestTypeSpecific />
      <AgentRule name="Execution Agents">
      </AgentRule>
    </Execution>
  </TestSettings>
  <Times creation="2015-08-01T18:02:37.2977412+03:00" queuing="2015-08-01T18:02:37.3577142+03:00" start="2015-08-01T18:02:37.3697361+03:00" finish="2015-08-01T18:02:37.6387269+03:00" />
  <ResultSummary outcome="Failed">
    <Counters total="1" executed="1" error="0" failed="1" timeout="0" aborted="0" inconclusive="0" passedButRunAborted="0" notRunnable="0" notExecuted="0" disconnected="0" warning="0" passed="0" completed="0" inProgress="0" pending="0" />
  </ResultSummary>
  <TestDefinitions>
    <UnitTest name="Test_GivenJob_vs_JobDone" storage="c:\gitprojects\inofficeonemonth\officetest\bin\debug\officetest.dll" id="979469f5-85db-a4e8-7518-50d6ff4516a7">
      <Execution id="8266616c-6feb-495c-9f33-289cd887bfa2" />
      <TestMethod codeBase="C:/GitProjects/InOfficeOneMonth/OfficeTest/bin/Debug/OfficeTest.DLL" adapterTypeName="Microsoft.VisualStudio.TestTools.TestTypes.Unit.UnitTestAdapter, Microsoft.VisualStudio.QualityTools.Tips.UnitTest.Adapter, Version=10.0.0.0, Culture=neutral, PublicKeyToken=b03f5f7f11d50a3a" className="OfficeTest.UnitTest1, OfficeTest, Version=1.0.0.0, Culture=neutral, PublicKeyToken=null" name="Test_GivenJob_vs_JobDone" />
    </UnitTest>
  </TestDefinitions>
  <TestLists>
    <TestList name="Results Not in a List" id="8c84fa94-04c1-424b-9868-57a2d4851a1d" />
    <TestList name="All Loaded Results" id="19431567-8539-422a-85d7-44ee4e166bda" />
  </TestLists>
  <TestEntries>
    <TestEntry testId="979469f5-85db-a4e8-7518-50d6ff4516a7" executionId="8266616c-6feb-495c-9f33-289cd887bfa2" testListId="8c84fa94-04c1-424b-9868-57a2d4851a1d" />
  </TestEntries>
  <Results>
    <UnitTestResult executionId="8266616c-6feb-495c-9f33-289cd887bfa2" testId="979469f5-85db-a4e8-7518-50d6ff4516a7" testName="Test_GivenJob_vs_JobDone" computerName="DEN_AND_ANNA_PC" duration="00:00:00.0887141" startTime="2015-08-01T18:02:37.3737150+03:00" endTime="2015-08-01T18:02:37.6277251+03:00" testType="13cdc9d9-ddb5-4fa4-a97d-d965ccfc6d4b" outcome="Failed" testListId="8c84fa94-04c1-424b-9868-57a2d4851a1d" relativeResultsDirectory="8266616c-6feb-495c-9f33-289cd887bfa2">
      <Output>
        <ErrorInfo>
          <Message>Ошибка в Assert.AreEqual. Ожидается: &lt;11645&gt;. Фактически: &lt;10689&gt;. Work issued by 11645 man-hours, the work actually carried out on 10689 man-hours</Message>
          <StackTrace>   в OfficeTest.UnitTest1.Test_GivenJob_vs_JobDone() в C:\GitProjects\InOfficeOneMonth\OfficeTest\UnitTest1.cs:строка 33
</StackTrace>
        </ErrorInfo>
      </Output>
    </UnitTestResult>
  </Results>
</TestRun>