<?xml version="1.0" encoding="UTF-8"?>
<TestRun id="611047b7-4f35-4d6c-80e7-55887c8c12e0" name="Den_and_Anna@DEN_AND_ANNA_PC 2015-08-01 17:59:38" runUser="DEN_AND_ANNA_PC\Den_and_Anna" xmlns="http://microsoft.com/schemas/VisualStudio/TeamTest/2010">
  <TestSettings name="Local" id="0ce3eb92-ea3c-4e56-a3fc-567cc5b33c8c">
    <Description>These are default test settings for a local test run.</Description>
    <Deployment userDeploymentRoot="C:\GitProjects\InOfficeOneMonth\TestResults" useDefaultDeploymentRoot="false" enabled="false" runDeploymentRoot="Den_and_Anna_DEN_AND_ANNA_PC 2015-08-01 17_59_38">
      <DeploymentItem filename="C:\GitProjects\InOfficeOneMonth\InOfficeOneMonth\bin\Debug\InOfficeOneMonth.exe" />
    </Deployment>
    <Execution>
      <TestTypeSpecific />
      <AgentRule name="Execution Agents">
      </AgentRule>
    </Execution>
  </TestSettings>
  <Times creation="2015-08-01T17:59:38.4771725+03:00" queuing="2015-08-01T17:59:38.5381427+03:00" start="2015-08-01T17:59:38.5441434+03:00" finish="2015-08-01T17:59:48.8098898+03:00" />
  <ResultSummary outcome="Completed">
    <Counters total="1" executed="1" passed="1" error="0" failed="0" timeout="0" aborted="0" inconclusive="0" passedButRunAborted="0" notRunnable="0" notExecuted="0" disconnected="0" warning="0" completed="0" inProgress="0" pending="0" />
  </ResultSummary>
  <TestDefinitions>
    <UnitTest name="Test_GivenJob_vs_JobDone" storage="c:\gitprojects\inofficeonemonth\officetest\bin\debug\officetest.dll" id="979469f5-85db-a4e8-7518-50d6ff4516a7">
      <Execution id="1de113d7-52e0-4b5a-bd36-481997ce64c8" />
      <TestMethod codeBase="C:/GitProjects/InOfficeOneMonth/OfficeTest/bin/Debug/OfficeTest.DLL" adapterTypeName="Microsoft.VisualStudio.TestTools.TestTypes.Unit.UnitTestAdapter, Microsoft.VisualStudio.QualityTools.Tips.UnitTest.Adapter, Version=10.0.0.0, Culture=neutral, PublicKeyToken=b03f5f7f11d50a3a" className="OfficeTest.UnitTest1, OfficeTest, Version=1.0.0.0, Culture=neutral, PublicKeyToken=null" name="Test_GivenJob_vs_JobDone" />
    </UnitTest>
  </TestDefinitions>
  <TestLists>
    <TestList name="Results Not in a List" id="8c84fa94-04c1-424b-9868-57a2d4851a1d" />
    <TestList name="All Loaded Results" id="19431567-8539-422a-85d7-44ee4e166bda" />
  </TestLists>
  <TestEntries>
    <TestEntry testId="979469f5-85db-a4e8-7518-50d6ff4516a7" executionId="1de113d7-52e0-4b5a-bd36-481997ce64c8" testListId="8c84fa94-04c1-424b-9868-57a2d4851a1d" />
  </TestEntries>
  <Results>
    <UnitTestResult executionId="1de113d7-52e0-4b5a-bd36-481997ce64c8" testId="979469f5-85db-a4e8-7518-50d6ff4516a7" testName="Test_GivenJob_vs_JobDone" computerName="DEN_AND_ANNA_PC" duration="00:00:10.0375363" startTime="2015-08-01T17:59:38.5461439+03:00" endTime="2015-08-01T17:59:48.7829184+03:00" testType="13cdc9d9-ddb5-4fa4-a97d-d965ccfc6d4b" outcome="Passed" testListId="8c84fa94-04c1-424b-9868-57a2d4851a1d" relativeResultsDirectory="1de113d7-52e0-4b5a-bd36-481997ce64c8">
    </UnitTestResult>
  </Results>
</TestRun>