<?xml version="1.0" encoding="UTF-8"?>
<TestRun id="969ad59e-dae2-4f1e-a28c-196f752519b3" name="Den_and_Anna@DEN_AND_ANNA_PC 2015-08-01 18:02:10" runUser="DEN_AND_ANNA_PC\Den_and_Anna" xmlns="http://microsoft.com/schemas/VisualStudio/TeamTest/2010">
  <TestSettings name="Local" id="0ce3eb92-ea3c-4e56-a3fc-567cc5b33c8c">
    <Description>These are default test settings for a local test run.</Description>
    <Deployment userDeploymentRoot="C:\GitProjects\InOfficeOneMonth\TestResults" useDefaultDeploymentRoot="false" enabled="false" runDeploymentRoot="Den_and_Anna_DEN_AND_ANNA_PC 2015-08-01 18_02_10">
      <DeploymentItem filename="C:\GitProjects\InOfficeOneMonth\InOfficeOneMonth\bin\Debug\InOfficeOneMonth.exe" />
    </Deployment>
    <Execution>
      <TestTypeSpecific />
      <AgentRule name="Execution Agents">
      </AgentRule>
    </Execution>
  </TestSettings>
  <Times creation="2015-08-01T18:02:10.6629555+03:00" queuing="2015-08-01T18:02:10.6859304+03:00" start="2015-08-01T18:02:10.6919287+03:00" finish="2015-08-01T18:02:10.9599436+03:00" />
  <ResultSummary outcome="Failed">
    <Counters total="1" executed="1" error="0" failed="1" timeout="0" aborted="0" inconclusive="0" passedButRunAborted="0" notRunnable="0" notExecuted="0" disconnected="0" warning="0" passed="0" completed="0" inProgress="0" pending="0" />
  </ResultSummary>
  <TestDefinitions>
    <UnitTest name="Test_GivenJob_vs_JobDone" storage="c:\gitprojects\inofficeonemonth\officetest\bin\debug\officetest.dll" id="979469f5-85db-a4e8-7518-50d6ff4516a7">
      <Execution id="ab4ef4cc-042f-4396-ae54-43bfe1aeaa37" />
      <TestMethod codeBase="C:/GitProjects/InOfficeOneMonth/OfficeTest/bin/Debug/OfficeTest.DLL" adapterTypeName="Microsoft.VisualStudio.TestTools.TestTypes.Unit.UnitTestAdapter, Microsoft.VisualStudio.QualityTools.Tips.UnitTest.Adapter, Version=10.0.0.0, Culture=neutral, PublicKeyToken=b03f5f7f11d50a3a" className="OfficeTest.UnitTest1, OfficeTest, Version=1.0.0.0, Culture=neutral, PublicKeyToken=null" name="Test_GivenJob_vs_JobDone" />
    </UnitTest>
  </TestDefinitions>
  <TestLists>
    <TestList name="Results Not in a List" id="8c84fa94-04c1-424b-9868-57a2d4851a1d" />
    <TestList name="All Loaded Results" id="19431567-8539-422a-85d7-44ee4e166bda" />
  </TestLists>
  <TestEntries>
    <TestEntry testId="979469f5-85db-a4e8-7518-50d6ff4516a7" executionId="ab4ef4cc-042f-4396-ae54-43bfe1aeaa37" testListId="8c84fa94-04c1-424b-9868-57a2d4851a1d" />
  </TestEntries>
  <Results>
    <UnitTestResult executionId="ab4ef4cc-042f-4396-ae54-43bfe1aeaa37" testId="979469f5-85db-a4e8-7518-50d6ff4516a7" testName="Test_GivenJob_vs_JobDone" computerName="DEN_AND_ANNA_PC" duration="00:00:00.1019102" startTime="2015-08-01T18:02:10.6929283+03:00" endTime="2015-08-01T18:02:10.9469709+03:00" testType="13cdc9d9-ddb5-4fa4-a97d-d965ccfc6d4b" outcome="Failed" testListId="8c84fa94-04c1-424b-9868-57a2d4851a1d" relativeResultsDirectory="ab4ef4cc-042f-4396-ae54-43bfe1aeaa37">
      <Output>
        <ErrorInfo>
          <Message>Ошибка в Assert.AreEqual. Ожидается: &lt;12456&gt;. Фактически: &lt;9562&gt;. Work issued by 12456 man-hours, the work actually carried out on 9562 man-hours</Message>
          <StackTrace>   в OfficeTest.UnitTest1.Test_GivenJob_vs_JobDone() в C:\GitProjects\InOfficeOneMonth\OfficeTest\UnitTest1.cs:строка 33
</StackTrace>
        </ErrorInfo>
      </Output>
    </UnitTestResult>
  </Results>
</TestRun>